2026-04-07 20:34:12 [INFO] c.c.backend.BackendApplication - Starting BackendApplication using Java 21.0.10 with PID 32712 (C:\Users\vacla\OneDrive\Dokumenty\Stin-Projekt\backend\target\classes started by vacla in C:\Users\vacla\OneDrive\Dokumenty\Stin-Projekt)
2026-04-07 20:34:12 [DEBUG] c.c.backend.BackendApplication - Running with Spring Boot v4.0.5, Spring v7.0.6
2026-04-07 20:34:12 [INFO] c.c.backend.BackendApplication - No active profile set, falling back to 1 default profile: "default"
2026-04-07 20:34:12 [INFO] o.s.b.d.e.DevToolsPropertyDefaultsPostProcessor - Devtools property defaults active! Set 'spring.devtools.add-properties' to 'false' to disable
2026-04-07 20:34:12 [INFO] o.s.b.d.e.DevToolsPropertyDefaultsPostProcessor - For additional web related logging consider setting the 'logging.level.web' property to 'DEBUG'
2026-04-07 20:34:14 [INFO] o.s.boot.tomcat.TomcatWebServer - Tomcat initialized with port 8080 (http)
2026-04-07 20:34:14 [INFO] o.a.catalina.core.StandardService - Starting service [Tomcat]
2026-04-07 20:34:14 [INFO] o.a.catalina.core.StandardEngine - Starting Servlet engine: [Apache Tomcat/11.0.20]
2026-04-07 20:34:14 [INFO] o.s.b.w.c.s.WebApplicationContextInitializer - Root WebApplicationContext: initialization completed in 2610 ms
2026-04-07 20:34:15 [INFO] o.s.s.c.a.a.c.InitializeUserDetailsBeanManagerConfigurer$InitializeUserDetailsManagerConfigurer - Global AuthenticationManager configured with UserDetailsService bean with name inMemoryUserDetailsManager
2026-04-07 20:34:16 [INFO] o.s.b.a.e.web.EndpointLinksResolver - Exposing 1 endpoint beneath base path '/actuator'
2026-04-07 20:34:16 [INFO] o.s.boot.tomcat.TomcatWebServer - Tomcat started on port 8080 (http) with context path '/'
2026-04-07 20:34:16 [INFO] c.c.backend.BackendApplication - Started BackendApplication in 5.44 seconds (process running for 6.542)
2026-04-07 20:34:17 [INFO] o.a.c.c.C.[Tomcat].[localhost].[/] - Initializing Spring DispatcherServlet 'dispatcherServlet'
2026-04-07 20:34:17 [INFO] o.s.web.servlet.DispatcherServlet - Initializing Servlet 'dispatcherServlet'
2026-04-07 20:34:17 [INFO] o.s.web.servlet.DispatcherServlet - Completed initialization in 1 ms
2026-04-07 20:42:27 [INFO] o.s.b.d.a.LocalDevToolsAutoConfiguration$RestartingClassPathChangeChangedEventListener - Restarting due to 1 class path change (0 additions, 0 deletions, 1 modification)
2026-04-07 20:42:27 [INFO] o.s.boot.tomcat.GracefulShutdown - Commencing graceful shutdown. Waiting for active requests to complete
2026-04-07 20:42:27 [INFO] o.s.boot.tomcat.GracefulShutdown - Graceful shutdown complete
2026-04-07 20:42:28 [INFO] c.c.backend.BackendApplication - Starting BackendApplication using Java 21.0.10 with PID 32712 (C:\Users\vacla\OneDrive\Dokumenty\Stin-Projekt\backend\target\classes started by vacla in C:\Users\vacla\OneDrive\Dokumenty\Stin-Projekt)
2026-04-07 20:42:28 [DEBUG] c.c.backend.BackendApplication - Running with Spring Boot v4.0.5, Spring v7.0.6
2026-04-07 20:42:28 [INFO] c.c.backend.BackendApplication - No active profile set, falling back to 1 default profile: "default"
2026-04-07 20:42:29 [INFO] o.s.boot.tomcat.TomcatWebServer - Tomcat initialized with port 8080 (http)
2026-04-07 20:42:29 [INFO] o.a.catalina.core.StandardService - Starting service [Tomcat]
2026-04-07 20:42:29 [INFO] o.a.catalina.core.StandardEngine - Starting Servlet engine: [Apache Tomcat/11.0.20]
2026-04-07 20:42:29 [INFO] o.s.b.w.c.s.WebApplicationContextInitializer - Root WebApplicationContext: initialization completed in 967 ms
2026-04-07 20:42:29 [INFO] o.s.s.c.a.a.c.InitializeUserDetailsBeanManagerConfigurer$InitializeUserDetailsManagerConfigurer - Global AuthenticationManager configured with UserDetailsService bean with name inMemoryUserDetailsManager
2026-04-07 20:42:29 [INFO] o.s.b.a.e.web.EndpointLinksResolver - Exposing 1 endpoint beneath base path '/actuator'
2026-04-07 20:42:29 [INFO] o.s.boot.tomcat.TomcatWebServer - Tomcat started on port 8080 (http) with context path '/'
2026-04-07 20:42:29 [INFO] c.c.backend.BackendApplication - Started BackendApplication in 1.544 seconds (process running for 499.175)
2026-04-07 20:42:29 [INFO] o.s.b.d.a.ConditionEvaluationDeltaLoggingListener - Condition evaluation unchanged
2026-04-07 20:55:40 [INFO] o.s.b.d.a.LocalDevToolsAutoConfiguration$RestartingClassPathChangeChangedEventListener - Restarting due to 1 class path change (0 additions, 0 deletions, 1 modification)
2026-04-07 20:55:40 [INFO] o.s.boot.tomcat.GracefulShutdown - Commencing graceful shutdown. Waiting for active requests to complete
2026-04-07 20:55:40 [INFO] o.s.boot.tomcat.GracefulShutdown - Graceful shutdown complete
2026-04-07 20:55:40 [INFO] c.c.backend.BackendApplication - Starting BackendApplication using Java 21.0.10 with PID 32712 (C:\Users\vacla\OneDrive\Dokumenty\Stin-Projekt\backend\target\classes started by vacla in C:\Users\vacla\OneDrive\Dokumenty\Stin-Projekt)
2026-04-07 20:55:40 [DEBUG] c.c.backend.BackendApplication - Running with Spring Boot v4.0.5, Spring v7.0.6
2026-04-07 20:55:40 [INFO] c.c.backend.BackendApplication - No active profile set, falling back to 1 default profile: "default"
2026-04-07 20:55:40 [INFO] o.s.boot.tomcat.TomcatWebServer - Tomcat initialized with port 8080 (http)
2026-04-07 20:55:40 [INFO] o.a.catalina.core.StandardService - Starting service [Tomcat]
2026-04-07 20:55:40 [INFO] o.a.catalina.core.StandardEngine - Starting Servlet engine: [Apache Tomcat/11.0.20]
2026-04-07 20:55:40 [INFO] o.s.b.w.c.s.WebApplicationContextInitializer - Root WebApplicationContext: initialization completed in 577 ms
2026-04-07 20:55:40 [INFO] o.s.s.c.a.a.c.InitializeUserDetailsBeanManagerConfigurer$InitializeUserDetailsManagerConfigurer - Global AuthenticationManager configured with UserDetailsService bean with name inMemoryUserDetailsManager
2026-04-07 20:55:41 [INFO] o.s.b.a.e.web.EndpointLinksResolver - Exposing 1 endpoint beneath base path '/actuator'
2026-04-07 20:55:41 [INFO] o.s.boot.tomcat.TomcatWebServer - Tomcat started on port 8080 (http) with context path '/'
2026-04-07 20:55:41 [INFO] c.c.backend.BackendApplication - Started BackendApplication in 0.996 seconds (process running for 1290.747)
2026-04-07 20:55:41 [INFO] o.s.b.d.a.ConditionEvaluationDeltaLoggingListener - Condition evaluation unchanged
2026-04-07 20:56:12 [INFO] o.s.b.d.a.LocalDevToolsAutoConfiguration$RestartingClassPathChangeChangedEventListener - Restarting due to 1 class path change (0 additions, 0 deletions, 1 modification)
2026-04-07 20:56:12 [INFO] o.s.boot.tomcat.GracefulShutdown - Commencing graceful shutdown. Waiting for active requests to complete
2026-04-07 20:56:12 [INFO] o.s.boot.tomcat.GracefulShutdown - Graceful shutdown complete
2026-04-07 20:56:12 [INFO] c.c.backend.BackendApplication - Starting BackendApplication using Java 21.0.10 with PID 32712 (C:\Users\vacla\OneDrive\Dokumenty\Stin-Projekt\backend\target\classes started by vacla in C:\Users\vacla\OneDrive\Dokumenty\Stin-Projekt)
2026-04-07 20:56:12 [DEBUG] c.c.backend.BackendApplication - Running with Spring Boot v4.0.5, Spring v7.0.6
2026-04-07 20:56:12 [INFO] c.c.backend.BackendApplication - No active profile set, falling back to 1 default profile: "default"
2026-04-07 20:56:12 [INFO] o.s.boot.tomcat.TomcatWebServer - Tomcat initialized with port 8080 (http)
2026-04-07 20:56:12 [INFO] o.a.catalina.core.StandardService - Starting service [Tomcat]
2026-04-07 20:56:12 [INFO] o.a.catalina.core.StandardEngine - Starting Servlet engine: [Apache Tomcat/11.0.20]
2026-04-07 20:56:12 [INFO] o.s.b.w.c.s.WebApplicationContextInitializer - Root WebApplicationContext: initialization completed in 371 ms
2026-04-07 20:56:12 [INFO] o.s.s.c.a.a.c.InitializeUserDetailsBeanManagerConfigurer$InitializeUserDetailsManagerConfigurer - Global AuthenticationManager configured with UserDetailsService bean with name inMemoryUserDetailsManager
2026-04-07 20:56:12 [INFO] o.s.b.a.e.web.EndpointLinksResolver - Exposing 1 endpoint beneath base path '/actuator'
2026-04-07 20:56:12 [INFO] o.s.boot.tomcat.TomcatWebServer - Tomcat started on port 8080 (http) with context path '/'
2026-04-07 20:56:12 [INFO] c.c.backend.BackendApplication - Started BackendApplication in 0.626 seconds (process running for 1322.475)
2026-04-07 20:56:12 [INFO] o.s.b.d.a.ConditionEvaluationDeltaLoggingListener - Condition evaluation unchanged
2026-04-07 20:56:17 [INFO] o.s.b.d.a.LocalDevToolsAutoConfiguration$RestartingClassPathChangeChangedEventListener - Restarting due to 1 class path change (0 additions, 0 deletions, 1 modification)
2026-04-07 20:56:17 [INFO] o.s.boot.tomcat.GracefulShutdown - Commencing graceful shutdown. Waiting for active requests to complete
2026-04-07 20:56:17 [INFO] o.s.boot.tomcat.GracefulShutdown - Graceful shutdown complete
2026-04-07 20:56:17 [INFO] c.c.backend.BackendApplication - Starting BackendApplication using Java 21.0.10 with PID 32712 (C:\Users\vacla\OneDrive\Dokumenty\Stin-Projekt\backend\target\classes started by vacla in C:\Users\vacla\OneDrive\Dokumenty\Stin-Projekt)
2026-04-07 20:56:17 [DEBUG] c.c.backend.BackendApplication - Running with Spring Boot v4.0.5, Spring v7.0.6
2026-04-07 20:56:17 [INFO] c.c.backend.BackendApplication - No active profile set, falling back to 1 default profile: "default"
2026-04-07 20:56:17 [INFO] o.s.boot.tomcat.TomcatWebServer - Tomcat initialized with port 8080 (http)
2026-04-07 20:56:17 [INFO] o.a.catalina.core.StandardService - Starting service [Tomcat]
2026-04-07 20:56:17 [INFO] o.a.catalina.core.StandardEngine - Starting Servlet engine: [Apache Tomcat/11.0.20]
2026-04-07 20:56:17 [INFO] o.s.b.w.c.s.WebApplicationContextInitializer - Root WebApplicationContext: initialization completed in 347 ms
2026-04-07 20:56:17 [INFO] o.s.s.c.a.a.c.InitializeUserDetailsBeanManagerConfigurer$InitializeUserDetailsManagerConfigurer - Global AuthenticationManager configured with UserDetailsService bean with name inMemoryUserDetailsManager
2026-04-07 20:56:17 [INFO] o.s.b.a.e.web.EndpointLinksResolver - Exposing 1 endpoint beneath base path '/actuator'
2026-04-07 20:56:18 [INFO] o.s.boot.tomcat.TomcatWebServer - Tomcat started on port 8080 (http) with context path '/'
2026-04-07 20:56:18 [INFO] c.c.backend.BackendApplication - Started BackendApplication in 0.586 seconds (process running for 1327.578)
2026-04-07 20:56:18 [INFO] o.s.b.d.a.ConditionEvaluationDeltaLoggingListener - Condition evaluation unchanged
2026-04-07 20:56:22 [INFO] o.s.b.d.a.LocalDevToolsAutoConfiguration$RestartingClassPathChangeChangedEventListener - Restarting due to 1 class path change (0 additions, 0 deletions, 1 modification)
2026-04-07 20:56:22 [INFO] o.s.boot.tomcat.GracefulShutdown - Commencing graceful shutdown. Waiting for active requests to complete
2026-04-07 20:56:22 [INFO] o.s.boot.tomcat.GracefulShutdown - Graceful shutdown complete
2026-04-07 20:56:22 [INFO] c.c.backend.BackendApplication - Starting BackendApplication using Java 21.0.10 with PID 32712 (C:\Users\vacla\OneDrive\Dokumenty\Stin-Projekt\backend\target\classes started by vacla in C:\Users\vacla\OneDrive\Dokumenty\Stin-Projekt)
2026-04-07 20:56:22 [DEBUG] c.c.backend.BackendApplication - Running with Spring Boot v4.0.5, Spring v7.0.6
2026-04-07 20:56:22 [INFO] c.c.backend.BackendApplication - No active profile set, falling back to 1 default profile: "default"
2026-04-07 20:56:22 [INFO] o.s.boot.tomcat.TomcatWebServer - Tomcat initialized with port 8080 (http)
2026-04-07 20:56:22 [INFO] o.a.catalina.core.StandardService - Starting service [Tomcat]
2026-04-07 20:56:22 [INFO] o.a.catalina.core.StandardEngine - Starting Servlet engine: [Apache Tomcat/11.0.20]
2026-04-07 20:56:22 [INFO] o.s.b.w.c.s.WebApplicationContextInitializer - Root WebApplicationContext: initialization completed in 357 ms
2026-04-07 20:56:23 [INFO] o.s.s.c.a.a.c.InitializeUserDetailsBeanManagerConfigurer$InitializeUserDetailsManagerConfigurer - Global AuthenticationManager configured with UserDetailsService bean with name inMemoryUserDetailsManager
2026-04-07 20:56:23 [INFO] o.s.b.a.e.web.EndpointLinksResolver - Exposing 1 endpoint beneath base path '/actuator'
2026-04-07 20:56:23 [INFO] o.s.boot.tomcat.TomcatWebServer - Tomcat started on port 8080 (http) with context path '/'
2026-04-07 20:56:23 [INFO] c.c.backend.BackendApplication - Started BackendApplication in 0.635 seconds (process running for 1332.754)
2026-04-07 20:56:23 [INFO] o.s.b.d.a.ConditionEvaluationDeltaLoggingListener - Condition evaluation unchanged
2026-04-07 21:02:54 [INFO] o.a.c.c.C.[Tomcat].[localhost].[/] - Initializing Spring DispatcherServlet 'dispatcherServlet'
2026-04-07 21:02:54 [INFO] o.s.web.servlet.DispatcherServlet - Initializing Servlet 'dispatcherServlet'
2026-04-07 21:02:54 [INFO] o.s.web.servlet.DispatcherServlet - Completed initialization in 2 ms
2026-04-07 21:09:35 [INFO] o.s.b.d.a.LocalDevToolsAutoConfiguration$RestartingClassPathChangeChangedEventListener - Restarting due to 1 class path change (0 additions, 0 deletions, 1 modification)
2026-04-07 21:09:35 [INFO] o.s.boot.tomcat.GracefulShutdown - Commencing graceful shutdown. Waiting for active requests to complete
2026-04-07 21:09:35 [INFO] o.s.boot.tomcat.GracefulShutdown - Graceful shutdown complete
2026-04-07 21:09:35 [INFO] c.c.backend.BackendApplication - Starting BackendApplication using Java 21.0.10 with PID 32712 (C:\Users\vacla\OneDrive\Dokumenty\Stin-Projekt\backend\target\classes started by vacla in C:\Users\vacla\OneDrive\Dokumenty\Stin-Projekt)
2026-04-07 21:09:35 [DEBUG] c.c.backend.BackendApplication - Running with Spring Boot v4.0.5, Spring v7.0.6
2026-04-07 21:09:35 [INFO] c.c.backend.BackendApplication - No active profile set, falling back to 1 default profile: "default"
2026-04-07 21:09:36 [INFO] o.s.boot.tomcat.TomcatWebServer - Tomcat initialized with port 8080 (http)
2026-04-07 21:09:36 [INFO] o.a.catalina.core.StandardService - Starting service [Tomcat]
2026-04-07 21:09:36 [INFO] o.a.catalina.core.StandardEngine - Starting Servlet engine: [Apache Tomcat/11.0.20]
2026-04-07 21:09:36 [INFO] o.s.b.w.c.s.WebApplicationContextInitializer - Root WebApplicationContext: initialization completed in 767 ms
2026-04-07 21:09:36 [INFO] o.s.s.c.a.a.c.InitializeUserDetailsBeanManagerConfigurer$InitializeUserDetailsManagerConfigurer - Global AuthenticationManager configured with UserDetailsService bean with name inMemoryUserDetailsManager
2026-04-07 21:09:37 [INFO] o.s.b.a.e.web.EndpointLinksResolver - Exposing 1 endpoint beneath base path '/actuator'
2026-04-07 21:09:37 [INFO] o.s.boot.tomcat.TomcatWebServer - Tomcat started on port 8080 (http) with context path '/'
2026-04-07 21:09:37 [INFO] c.c.backend.BackendApplication - Started BackendApplication in 1.122 seconds (process running for 2126.606)
2026-04-07 21:09:37 [INFO] o.s.b.d.a.ConditionEvaluationDeltaLoggingListener - Condition evaluation unchanged
2026-04-07 21:14:44 [INFO] o.s.boot.tomcat.GracefulShutdown - Commencing graceful shutdown. Waiting for active requests to complete
2026-04-07 21:14:44 [INFO] o.s.boot.tomcat.GracefulShutdown - Graceful shutdown complete
